<?xml version="1.0" encoding="UTF-8"?>
<testng-results skipped="0" failed="0" ignored="0" total="1" passed="1">
  <reporter-output>
    <line>
      <![CDATA[welcome]]>
    </line>
  </reporter-output>
  <suite name="Default suite" duration-ms="78" started-at="2019-09-05T08:29:32 IST" finished-at="2019-09-05T08:29:32 IST">
    <groups>
    </groups>
    <test name="Default test" duration-ms="78" started-at="2019-09-05T08:29:32 IST" finished-at="2019-09-05T08:29:32 IST">
      <class name="Test.Demo">
        <test-method status="PASS" signature="testA()[pri:0, instance:Test.Demo@7fac631b]" name="testA" duration-ms="16" started-at="2019-09-05T08:29:32 IST" finished-at="2019-09-05T08:29:32 IST">
          <reporter-output>
            <line>
              <![CDATA[welcome]]>
            </line>
          </reporter-output>
        </test-method> <!-- testA -->
      </class> <!-- Test.Demo -->
    </test> <!-- Default test -->
  </suite> <!-- Default suite -->
</testng-results>
